<?xml version="1.0" encoding="UTF-8"?>
<!-- Generated by org.testng.reporters.JUnitReportReporter -->
<testsuite hostname="shreyapatil" failures="0" tests="51" name="com.testingshashtra.runner.FeatureRunner" time="0.801" errors="0" timestamp="2025-01-02T19:47:18 IST" skipped="0">
  <testcase classname="com.testingshashtra.runner.FeatureRunner" name="runScenario" time="0.011"/>
  <testcase classname="com.testingshashtra.runner.FeatureRunner" name="runScenario" time="0.006"/>
  <testcase classname="com.testingshashtra.runner.FeatureRunner" name="runScenario" time="0.010"/>
  <testcase classname="com.testingshashtra.runner.FeatureRunner" name="runScenario" time="0.008"/>
  <testcase classname="com.testingshashtra.runner.FeatureRunner" name="runScenario" time="0.009"/>
  <testcase classname="com.testingshashtra.runner.FeatureRunner" name="runScenario" time="0.007"/>
  <testcase classname="com.testingshashtra.runner.FeatureRunner" name="runScenario" time="0.009"/>
  <testcase classname="com.testingshashtra.runner.FeatureRunner" name="runScenario" time="0.012"/>
  <testcase classname="com.testingshashtra.runner.FeatureRunner" name="runScenario" time="0.270"/>
  <testcase classname="com.testingshashtra.runner.FeatureRunner" name="runScenario" time="0.009"/>
  <testcase classname="com.testingshashtra.runner.FeatureRunner" name="runScenario" time="0.009"/>
  <testcase classname="com.testingshashtra.runner.FeatureRunner" name="runScenario" time="0.006"/>
  <testcase classname="com.testingshashtra.runner.FeatureRunner" name="runScenario" time="0.008"/>
  <testcase classname="com.testingshashtra.runner.FeatureRunner" name="runScenario" time="0.018"/>
  <testcase classname="com.testingshashtra.runner.FeatureRunner" name="runScenario" time="0.012"/>
  <testcase classname="com.testingshashtra.runner.FeatureRunner" name="runScenario" time="0.010"/>
  <testcase classname="com.testingshashtra.runner.FeatureRunner" name="runScenario" time="0.006"/>
  <testcase classname="com.testingshashtra.runner.FeatureRunner" name="runScenario" time="0.015"/>
  <testcase classname="com.testingshashtra.runner.FeatureRunner" name="runScenario" time="0.010"/>
  <testcase classname="com.testingshashtra.runner.FeatureRunner" name="runScenario" time="0.006"/>
  <testcase classname="com.testingshashtra.runner.FeatureRunner" name="runScenario" time="0.010"/>
  <testcase classname="com.testingshashtra.runner.FeatureRunner" name="runScenario" time="0.008"/>
  <testcase classname="com.testingshashtra.runner.FeatureRunner" name="runScenario" time="0.006"/>
  <testcase classname="com.testingshashtra.runner.FeatureRunner" name="runScenario" time="0.007"/>
  <testcase classname="com.testingshashtra.runner.FeatureRunner" name="runScenario" time="0.011"/>
  <testcase classname="com.testingshashtra.runner.FeatureRunner" name="runScenario" time="0.020"/>
  <testcase classname="com.testingshashtra.runner.FeatureRunner" name="runScenario" time="0.006"/>
  <testcase classname="com.testingshashtra.runner.FeatureRunner" name="runScenario" time="0.006"/>
  <testcase classname="com.testingshashtra.runner.FeatureRunner" name="runScenario" time="0.009"/>
  <testcase classname="com.testingshashtra.runner.FeatureRunner" name="runScenario" time="0.013"/>
  <testcase classname="com.testingshashtra.runner.FeatureRunner" name="runScenario" time="0.010"/>
  <testcase classname="com.testingshashtra.runner.FeatureRunner" name="runScenario" time="0.011"/>
  <testcase classname="com.testingshashtra.runner.FeatureRunner" name="runScenario" time="0.007"/>
  <testcase classname="com.testingshashtra.runner.FeatureRunner" name="runScenario" time="0.006"/>
  <testcase classname="com.testingshashtra.runner.FeatureRunner" name="runScenario" time="0.011"/>
  <testcase classname="com.testingshashtra.runner.FeatureRunner" name="runScenario" time="0.010"/>
  <testcase classname="com.testingshashtra.runner.FeatureRunner" name="runScenario" time="0.008"/>
  <testcase classname="com.testingshashtra.runner.FeatureRunner" name="runScenario" time="0.036"/>
  <testcase classname="com.testingshashtra.runner.FeatureRunner" name="runScenario" time="0.007"/>
  <testcase classname="com.testingshashtra.runner.FeatureRunner" name="runScenario" time="0.015"/>
  <testcase classname="com.testingshashtra.runner.FeatureRunner" name="runScenario" time="0.034"/>
  <testcase classname="com.testingshashtra.runner.FeatureRunner" name="runScenario" time="0.010"/>
  <testcase classname="com.testingshashtra.runner.FeatureRunner" name="runScenario" time="0.008"/>
  <testcase classname="com.testingshashtra.runner.FeatureRunner" name="runScenario" time="0.012"/>
  <testcase classname="com.testingshashtra.runner.FeatureRunner" name="runScenario" time="0.010"/>
  <testcase classname="com.testingshashtra.runner.FeatureRunner" name="runScenario" time="0.007"/>
  <testcase classname="com.testingshashtra.runner.FeatureRunner" name="runScenario" time="0.009"/>
  <testcase classname="com.testingshashtra.runner.FeatureRunner" name="runScenario" time="0.010"/>
  <testcase classname="com.testingshashtra.runner.FeatureRunner" name="runScenario" time="0.012"/>
  <testcase classname="com.testingshashtra.runner.FeatureRunner" name="runScenario" time="0.008"/>
  <testcase classname="com.testingshashtra.runner.FeatureRunner" name="runScenario" time="0.013"/>
</testsuite> <!-- com.testingshashtra.runner.FeatureRunner -->
