<?xml version="1.0" encoding="UTF-8"?>
<!-- Generated by org.testng.reporters.JUnitReportReporter -->
<testsuite hostname="shreyapatil" failures="0" tests="1" name="AmazonTestCases.AmazonLoginValidCred" time="10.779" errors="0" timestamp="2024-12-08T14:28:47 IST" skipped="0">
  <testcase classname="AmazonTestCases.AmazonLoginValidCred" name="AmazonLogin" time="10.779"/>
</testsuite> <!-- AmazonTestCases.AmazonLoginValidCred -->
