<?xml version="1.0" encoding="UTF-8"?>
<!-- Generated by org.testng.reporters.JUnitReportReporter -->
<testsuite hostname="shreyapatil" failures="0" tests="1" name="com.testingshashtra.runner.FeatureRunner" time="9.610" errors="0" timestamp="2025-01-01T21:44:34 IST" skipped="0">
  <testcase classname="com.testingshashtra.runner.FeatureRunner" name="runScenario" time="9.610"/>
</testsuite> <!-- com.testingshashtra.runner.FeatureRunner -->
