<?xml version="1.0" encoding="UTF-8"?>
<!-- Generated by org.testng.reporters.JUnitReportReporter -->
<testsuite hostname="shreyapatil" failures="0" tests="1" name="AmazonTestCases.TshirtAddToCart" time="14.170" errors="0" timestamp="2024-12-08T16:02:17 IST" skipped="0">
  <testcase classname="AmazonTestCases.TshirtAddToCart" name="AmazonSearch" time="14.170"/>
</testsuite> <!-- AmazonTestCases.TshirtAddToCart -->
