<?xml version="1.0" encoding="UTF-8"?>
<!-- Generated by org.testng.reporters.JUnitReportReporter -->
<testsuite hostname="DESKTOP-S83HV1A" failures="0" tests="1" name="AmazonTestCases.ShoppingCartPage_TestCases" time="88.695" errors="0" timestamp="2024-12-30T00:56:04 PST" skipped="0">
  <testcase classname="AmazonTestCases.ShoppingCartPage_TestCases" name="verifyProductQuantityIncreasesWhenPlusSignIsClicked" time="88.695"/>
</testsuite> <!-- AmazonTestCases.ShoppingCartPage_TestCases -->
