<?xml version="1.0" encoding="UTF-8"?>
<!-- Generated by org.testng.reporters.JUnitReportReporter -->
<testsuite hostname="DESKTOP-S83HV1A" failures="0" tests="1" name="AmazonTestCases.POM_AddToCart" time="16.417" errors="0" timestamp="2024-12-25T06:09:53 PST" skipped="0">
  <testcase classname="AmazonTestCases.POM_AddToCart" name="verifyQuantityIncreasesWhenSameProductIsAddedToCart" time="16.417"/>
</testsuite> <!-- AmazonTestCases.POM_AddToCart -->
