<?xml version="1.0" encoding="UTF-8"?>
<!-- Generated by org.testng.reporters.JUnitReportReporter -->
<testsuite hostname="shreyapatil" failures="0" tests="51" name="com.testingshashtra.runner.FeatureRunner" time="0.759" errors="0" timestamp="2025-01-02T19:34:37 IST" skipped="0">
  <testcase classname="com.testingshashtra.runner.FeatureRunner" name="runScenario" time="0.008"/>
  <testcase classname="com.testingshashtra.runner.FeatureRunner" name="runScenario" time="0.006"/>
  <testcase classname="com.testingshashtra.runner.FeatureRunner" name="runScenario" time="0.011"/>
  <testcase classname="com.testingshashtra.runner.FeatureRunner" name="runScenario" time="0.006"/>
  <testcase classname="com.testingshashtra.runner.FeatureRunner" name="runScenario" time="0.009"/>
  <testcase classname="com.testingshashtra.runner.FeatureRunner" name="runScenario" time="0.007"/>
  <testcase classname="com.testingshashtra.runner.FeatureRunner" name="runScenario" time="0.010"/>
  <testcase classname="com.testingshashtra.runner.FeatureRunner" name="runScenario" time="0.017"/>
  <testcase classname="com.testingshashtra.runner.FeatureRunner" name="runScenario" time="0.244"/>
  <testcase classname="com.testingshashtra.runner.FeatureRunner" name="runScenario" time="0.009"/>
  <testcase classname="com.testingshashtra.runner.FeatureRunner" name="runScenario" time="0.010"/>
  <testcase classname="com.testingshashtra.runner.FeatureRunner" name="runScenario" time="0.006"/>
  <testcase classname="com.testingshashtra.runner.FeatureRunner" name="runScenario" time="0.008"/>
  <testcase classname="com.testingshashtra.runner.FeatureRunner" name="runScenario" time="0.020"/>
  <testcase classname="com.testingshashtra.runner.FeatureRunner" name="runScenario" time="0.016"/>
  <testcase classname="com.testingshashtra.runner.FeatureRunner" name="runScenario" time="0.013"/>
  <testcase classname="com.testingshashtra.runner.FeatureRunner" name="runScenario" time="0.008"/>
  <testcase classname="com.testingshashtra.runner.FeatureRunner" name="runScenario" time="0.008"/>
  <testcase classname="com.testingshashtra.runner.FeatureRunner" name="runScenario" time="0.009"/>
  <testcase classname="com.testingshashtra.runner.FeatureRunner" name="runScenario" time="0.009"/>
  <testcase classname="com.testingshashtra.runner.FeatureRunner" name="runScenario" time="0.010"/>
  <testcase classname="com.testingshashtra.runner.FeatureRunner" name="runScenario" time="0.009"/>
  <testcase classname="com.testingshashtra.runner.FeatureRunner" name="runScenario" time="0.006"/>
  <testcase classname="com.testingshashtra.runner.FeatureRunner" name="runScenario" time="0.010"/>
  <testcase classname="com.testingshashtra.runner.FeatureRunner" name="runScenario" time="0.012"/>
  <testcase classname="com.testingshashtra.runner.FeatureRunner" name="runScenario" time="0.021"/>
  <testcase classname="com.testingshashtra.runner.FeatureRunner" name="runScenario" time="0.009"/>
  <testcase classname="com.testingshashtra.runner.FeatureRunner" name="runScenario" time="0.008"/>
  <testcase classname="com.testingshashtra.runner.FeatureRunner" name="runScenario" time="0.012"/>
  <testcase classname="com.testingshashtra.runner.FeatureRunner" name="runScenario" time="0.014"/>
  <testcase classname="com.testingshashtra.runner.FeatureRunner" name="runScenario" time="0.006"/>
  <testcase classname="com.testingshashtra.runner.FeatureRunner" name="runScenario" time="0.008"/>
  <testcase classname="com.testingshashtra.runner.FeatureRunner" name="runScenario" time="0.006"/>
  <testcase classname="com.testingshashtra.runner.FeatureRunner" name="runScenario" time="0.007"/>
  <testcase classname="com.testingshashtra.runner.FeatureRunner" name="runScenario" time="0.006"/>
  <testcase classname="com.testingshashtra.runner.FeatureRunner" name="runScenario" time="0.015"/>
  <testcase classname="com.testingshashtra.runner.FeatureRunner" name="runScenario" time="0.011"/>
  <testcase classname="com.testingshashtra.runner.FeatureRunner" name="runScenario" time="0.019"/>
  <testcase classname="com.testingshashtra.runner.FeatureRunner" name="runScenario" time="0.009"/>
  <testcase classname="com.testingshashtra.runner.FeatureRunner" name="runScenario" time="0.015"/>
  <testcase classname="com.testingshashtra.runner.FeatureRunner" name="runScenario" time="0.021"/>
  <testcase classname="com.testingshashtra.runner.FeatureRunner" name="runScenario" time="0.013"/>
  <testcase classname="com.testingshashtra.runner.FeatureRunner" name="runScenario" time="0.006"/>
  <testcase classname="com.testingshashtra.runner.FeatureRunner" name="runScenario" time="0.014"/>
  <testcase classname="com.testingshashtra.runner.FeatureRunner" name="runScenario" time="0.010"/>
  <testcase classname="com.testingshashtra.runner.FeatureRunner" name="runScenario" time="0.007"/>
  <testcase classname="com.testingshashtra.runner.FeatureRunner" name="runScenario" time="0.007"/>
  <testcase classname="com.testingshashtra.runner.FeatureRunner" name="runScenario" time="0.010"/>
  <testcase classname="com.testingshashtra.runner.FeatureRunner" name="runScenario" time="0.012"/>
  <testcase classname="com.testingshashtra.runner.FeatureRunner" name="runScenario" time="0.005"/>
  <testcase classname="com.testingshashtra.runner.FeatureRunner" name="runScenario" time="0.007"/>
</testsuite> <!-- com.testingshashtra.runner.FeatureRunner -->
