<?xml version="1.0" encoding="UTF-8"?>
<!-- Generated by org.testng.reporters.JUnitReportReporter -->
<testsuite hostname="DESKTOP-S83HV1A" failures="0" tests="20" name="com.testingshashtra.runner.FeatureRunner" time="0.993" errors="0" timestamp="2024-12-30T22:35:33 PST" skipped="0">
  <testcase classname="com.testingshashtra.runner.FeatureRunner" name="runScenario" time="0.039"/>
  <testcase classname="com.testingshashtra.runner.FeatureRunner" name="runScenario" time="0.022"/>
  <testcase classname="com.testingshashtra.runner.FeatureRunner" name="runScenario" time="0.446"/>
  <testcase classname="com.testingshashtra.runner.FeatureRunner" name="runScenario" time="0.032"/>
  <testcase classname="com.testingshashtra.runner.FeatureRunner" name="runScenario" time="0.024"/>
  <testcase classname="com.testingshashtra.runner.FeatureRunner" name="runScenario" time="0.038"/>
  <testcase classname="com.testingshashtra.runner.FeatureRunner" name="runScenario" time="0.031"/>
  <testcase classname="com.testingshashtra.runner.FeatureRunner" name="runScenario" time="0.027"/>
  <testcase classname="com.testingshashtra.runner.FeatureRunner" name="runScenario" time="0.030"/>
  <testcase classname="com.testingshashtra.runner.FeatureRunner" name="runScenario" time="0.063"/>
  <testcase classname="com.testingshashtra.runner.FeatureRunner" name="runScenario" time="0.035"/>
  <testcase classname="com.testingshashtra.runner.FeatureRunner" name="runScenario" time="0.021"/>
  <testcase classname="com.testingshashtra.runner.FeatureRunner" name="runScenario" time="0.019"/>
  <testcase classname="com.testingshashtra.runner.FeatureRunner" name="runScenario" time="0.022"/>
  <testcase classname="com.testingshashtra.runner.FeatureRunner" name="runScenario" time="0.033"/>
  <testcase classname="com.testingshashtra.runner.FeatureRunner" name="runScenario" time="0.027"/>
  <testcase classname="com.testingshashtra.runner.FeatureRunner" name="runScenario" time="0.020"/>
  <testcase classname="com.testingshashtra.runner.FeatureRunner" name="runScenario" time="0.021"/>
  <testcase classname="com.testingshashtra.runner.FeatureRunner" name="runScenario" time="0.022"/>
  <testcase classname="com.testingshashtra.runner.FeatureRunner" name="runScenario" time="0.021"/>
</testsuite> <!-- com.testingshashtra.runner.FeatureRunner -->
