<?xml version="1.0" encoding="UTF-8"?>
<!-- Generated by org.testng.reporters.JUnitReportReporter -->
<testsuite hostname="shreyapatil" failures="0" tests="1" name="AmazonTestCases.AddProductToCartTC" time="13.851" errors="0" timestamp="2024-12-08T15:53:59 IST" skipped="0">
  <testcase classname="AmazonTestCases.AddProductToCartTC" name="productAddToCart" time="13.851"/>
</testsuite> <!-- AmazonTestCases.AddProductToCartTC -->
