<?xml version="1.0" encoding="UTF-8"?>
<!-- Generated by org.testng.reporters.JUnitReportReporter -->
<testsuite hostname="shreyapatil" failures="0" tests="1" name="AmazonTestCases.POM_AddToCart" time="5.670" errors="0" timestamp="2024-12-19T14:19:48 IST" skipped="0">
  <testcase classname="AmazonTestCases.POM_AddToCart" name="testCase_VerifyIsProductAddedToCartOrNot" time="5.670"/>
</testsuite> <!-- AmazonTestCases.POM_AddToCart -->
