<?xml version="1.0" encoding="UTF-8"?>
<!-- Generated by org.testng.reporters.JUnitReportReporter -->
<testsuite hostname="shreyapatil" failures="0" tests="1" name="AmazonTestCases.ProductTc_login" time="10.157" errors="0" timestamp="2024-12-06T14:04:18 IST" skipped="0">
  <testcase classname="AmazonTestCases.ProductTc_login" name="loginBlankmail" time="10.157"/>
</testsuite> <!-- AmazonTestCases.ProductTc_login -->
